\BOOKMARK [0][-]{table.0.1}{\376\377\000\315\000n\000d\000i\000c\000e\000\040\000d\000e\000\040\000f\000i\000g\000u\000r\000a\000s}{}% 1
\BOOKMARK [0][-]{table.0.1}{\376\377\000\315\000n\000d\000i\000c\000e\000\040\000d\000e\000\040\000t\000a\000b\000l\000a\000s}{}% 2
\BOOKMARK [0][-]{chapter*.1}{\376\377\000R\000e\000s\000u\000m\000e\000n}{}% 3
\BOOKMARK [0][-]{chapter*.2}{\376\377\000A\000b\000s\000t\000r\000a\000c\000t}{}% 4
\BOOKMARK [0][-]{chapter.1}{\376\377\000I\000n\000t\000r\000o\000d\000u\000c\000c\000i\000\363\000n}{}% 5
\BOOKMARK [1][-]{section.1.1}{\376\377\000J\000u\000s\000t\000i\000f\000i\000c\000a\000c\000i\000\363\000n\000\040\000y\000\040\000c\000o\000n\000t\000e\000x\000t\000o}{chapter.1}% 6
\BOOKMARK [2][-]{subsection.1.1.1}{\376\377\000M\000o\000t\000i\000v\000a\000c\000i\000\363\000n}{section.1.1}% 7
\BOOKMARK [1][-]{section.1.2}{\376\377\000P\000l\000a\000n\000t\000e\000a\000m\000i\000e\000n\000t\000o\000\040\000d\000e\000l\000\040\000p\000r\000o\000b\000l\000e\000m\000a}{chapter.1}% 8
\BOOKMARK [1][-]{section.1.3}{\376\377\000O\000b\000j\000e\000t\000i\000v\000o\000s\000\040\000d\000e\000l\000\040\000t\000r\000a\000b\000a\000j\000o}{chapter.1}% 9
\BOOKMARK [1][-]{section.1.4}{\376\377\000M\000o\000d\000e\000l\000o\000\040\000d\000e\000\040\000n\000e\000g\000o\000c\000i\000o}{chapter.1}% 10
\BOOKMARK [2][-]{subsection.1.4.1}{\376\377\000V\000i\000a\000b\000i\000l\000i\000d\000a\000d\000\040\000r\000e\000a\000l\000\040\000y\000\040\000d\000e\000p\000e\000n\000d\000e\000n\000c\000i\000a\000\040\000d\000e\000\040\000A\000P\000I\000s}{section.1.4}% 11
\BOOKMARK [2][-]{subsection.1.4.2}{\376\377\000L\000i\000m\000i\000t\000a\000c\000i\000o\000n\000e\000s\000\040\000p\000o\000r\000\040\000p\000r\000o\000v\000e\000e\000d\000o\000r\000\040\000\050\000c\000o\000s\000t\000e\000\040\000y\000\040\000c\000o\000n\000d\000i\000c\000i\000o\000n\000e\000s\000\051}{section.1.4}% 12
\BOOKMARK [2][-]{subsection.1.4.3}{\376\377\000M\000o\000d\000e\000l\000o\000s\000\040\000d\000e\000\040\000i\000n\000g\000r\000e\000s\000o\000\040\000v\000i\000a\000b\000l\000e\000s}{section.1.4}% 13
\BOOKMARK [2][-]{subsection.1.4.4}{\376\377\000C\000o\000n\000c\000l\000u\000s\000i\000\363\000n\000\040\000d\000e\000\040\000v\000i\000a\000b\000i\000l\000i\000d\000a\000d}{section.1.4}% 14
\BOOKMARK [0][-]{chapter.2}{\376\377\000E\000s\000t\000a\000d\000o\000\040\000d\000e\000\040\000l\000a\000\040\000c\000u\000e\000s\000t\000i\000\363\000n}{}% 15
\BOOKMARK [1][-]{section.2.1}{\376\377\000M\000a\000r\000c\000o\000\040\000t\000e\000\363\000r\000i\000c\000o\000\040\000d\000e\000l\000\040\000t\000r\000a\000b\000a\000j\000o}{chapter.2}% 16
\BOOKMARK [2][-]{subsection.2.1.1}{\376\377\000L\000a\000s\000\040\000p\000l\000a\000t\000a\000f\000o\000r\000m\000a\000s\000\040\000d\000e\000\040\000s\000t\000r\000e\000a\000m\000i\000n\000g\000\040\000y\000\040\000s\000u\000s\000\040\000c\000o\000n\000s\000e\000c\000u\000e\000n\000c\000i\000a\000s\000\040\000p\000a\000r\000a\000\040\000e\000l\000\040\000u\000s\000u\000a\000r\000i\000o}{section.2.1}% 17
\BOOKMARK [2][-]{subsection.2.1.2}{\376\377\000P\000r\000o\000t\000o\000c\000o\000l\000o\000s\000\040\000d\000e\000\040\000a\000u\000t\000e\000n\000t\000i\000c\000a\000c\000i\000\363\000n\000:\000\040\000O\000A\000u\000t\000h\000\040\0002\000.\0000}{section.2.1}% 18
\BOOKMARK [2][-]{subsection.2.1.3}{\376\377\000A\000P\000I\000s\000\040\000R\000E\000S\000T}{section.2.1}% 19
\BOOKMARK [2][-]{subsection.2.1.4}{\376\377\000R\000e\000n\000d\000i\000m\000i\000e\000n\000t\000o\000\040\000w\000e\000b}{section.2.1}% 20
\BOOKMARK [2][-]{subsection.2.1.5}{\376\377\000D\000i\000s\000e\000\361\000o\000\040\000d\000e\000\040\000i\000n\000t\000e\000r\000f\000a\000z}{section.2.1}% 21
\BOOKMARK [1][-]{section.2.2}{\376\377\000T\000r\000a\000b\000a\000j\000o\000s\000\040\000r\000e\000l\000a\000c\000i\000o\000n\000a\000d\000o\000s}{chapter.2}% 22
\BOOKMARK [0][-]{chapter.3}{\376\377\000A\000s\000p\000e\000c\000t\000o\000s\000\040\000m\000e\000t\000o\000d\000o\000l\000\363\000g\000i\000c\000o\000s}{}% 23
\BOOKMARK [1][-]{section.3.1}{\376\377\000M\000e\000t\000o\000d\000o\000l\000o\000g\000\355\000a}{chapter.3}% 24
\BOOKMARK [2][-]{subsection.3.1.1}{\376\377\000C\000r\000i\000t\000e\000r\000i\000o\000s\000\040\000d\000e\000\040\000i\000n\000t\000e\000g\000r\000a\000c\000i\000\363\000n\000\040\000d\000e\000\040\000A\000P\000I\000s}{section.3.1}% 25
\BOOKMARK [2][-]{subsection.3.1.2}{\376\377\000C\000r\000i\000t\000e\000r\000i\000o\000s\000\040\000d\000e\000\040\000d\000e\000c\000i\000s\000i\000\363\000n\000\040\000p\000a\000r\000a\000\040\000l\000a\000\040\000a\000u\000t\000e\000n\000t\000i\000c\000a\000c\000i\000\363\000n}{section.3.1}% 26
\BOOKMARK [2][-]{subsection.3.1.3}{\376\377\000E\000s\000t\000r\000a\000t\000e\000g\000i\000a\000\040\000d\000e\000\040\000c\000a\000c\000h\000\351}{section.3.1}% 27
\BOOKMARK [1][-]{section.3.2}{\376\377\000T\000e\000c\000n\000o\000l\000o\000g\000\355\000a\000s\000\040\000e\000m\000p\000l\000e\000a\000d\000a\000s}{chapter.3}% 28
\BOOKMARK [1][-]{section.3.3}{\376\377\000G\000e\000s\000t\000i\000\363\000n\000\040\000d\000e\000l\000\040\000d\000e\000s\000a\000r\000r\000o\000l\000l\000o\000\040\000y\000\040\000c\000o\000n\000t\000r\000o\000l\000\040\000d\000e\000\040\000v\000e\000r\000s\000i\000o\000n\000e\000s}{chapter.3}% 29
\BOOKMARK [2][-]{subsection.3.3.1}{\376\377\000F\000l\000u\000j\000o\000\040\000d\000e\000\040\000t\000r\000a\000b\000a\000j\000o\000\040\000c\000o\000n\000\040\000G\000i\000t\000H\000u\000b}{section.3.3}% 30
\BOOKMARK [1][-]{section.3.4}{\376\377\000P\000r\000o\000c\000e\000s\000o\000\040\000d\000e\000\040\000d\000e\000s\000p\000l\000i\000e\000g\000u\000e\000\040\000e\000n\000\040\000p\000r\000o\000d\000u\000c\000c\000i\000\363\000n}{chapter.3}% 31
\BOOKMARK [2][-]{subsection.3.4.1}{\376\377\000P\000l\000a\000t\000a\000f\000o\000r\000m\000a\000\040\000d\000e\000\040\000h\000o\000s\000t\000i\000n\000g\000\040\000\050\000V\000e\000r\000c\000e\000l\000\051}{section.3.4}% 32
\BOOKMARK [2][-]{subsection.3.4.2}{\376\377\000V\000a\000r\000i\000a\000b\000l\000e\000s\000\040\000d\000e\000\040\000e\000n\000t\000o\000r\000n\000o\000\040\000y\000\040\000s\000e\000c\000r\000e\000t\000o\000s}{section.3.4}% 33
\BOOKMARK [2][-]{subsection.3.4.3}{\376\377\000P\000r\000o\000c\000e\000s\000o\000\040\000d\000e\000\040\000d\000e\000p\000l\000o\000y\000m\000e\000n\000t}{section.3.4}% 34
\BOOKMARK [0][-]{chapter.4}{\376\377\000D\000e\000s\000a\000r\000r\000o\000l\000l\000o\000\040\000d\000e\000l\000\040\000t\000r\000a\000b\000a\000j\000o}{}% 35
\BOOKMARK [1][-]{section.4.1}{\376\377\000A\000r\000q\000u\000i\000t\000e\000c\000t\000u\000r\000a\000\040\000d\000e\000l\000\040\000s\000i\000s\000t\000e\000m\000a}{chapter.4}% 36
\BOOKMARK [2][-]{subsection.4.1.1}{\376\377\000E\000s\000t\000r\000u\000c\000t\000u\000r\000a\000\040\000d\000e\000\040\000c\000a\000p\000a\000s}{section.4.1}% 37
\BOOKMARK [2][-]{subsection.4.1.2}{\376\377\000E\000s\000t\000r\000u\000c\000t\000u\000r\000a\000\040\000d\000e\000\040\000c\000a\000r\000p\000e\000t\000a\000s}{section.4.1}% 38
\BOOKMARK [1][-]{section.4.2}{\376\377\000I\000m\000p\000l\000e\000m\000e\000n\000t\000a\000c\000i\000\363\000n\000\040\000d\000e\000l\000\040\000s\000i\000s\000t\000e\000m\000a\000\040\000d\000e\000\040\000a\000u\000t\000e\000n\000t\000i\000c\000a\000c\000i\000\363\000n\000\040\000O\000A\000u\000t\000h\000\040\0002\000.\0000}{chapter.4}% 39
\BOOKMARK [1][-]{section.4.3}{\376\377\000I\000n\000t\000e\000g\000r\000a\000c\000i\000\363\000n\000\040\000c\000o\000n\000\040\000l\000a\000s\000\040\000A\000P\000I\000s\000\040\000e\000x\000t\000e\000r\000n\000a\000s}{chapter.4}% 40
\BOOKMARK [2][-]{subsection.4.3.1}{\376\377\000T\000h\000e\000\040\000M\000o\000v\000i\000e\000\040\000D\000a\000t\000a\000b\000a\000s\000e\000\040\000\050\000T\000M\000D\000b\000\051\000\040\000A\000P\000I\000\040\000v\0003}{section.4.3}% 41
\BOOKMARK [2][-]{subsection.4.3.2}{\376\377\000O\000M\000D\000b\000\040\000A\000P\000I\000\040\000\050\000O\000p\000e\000n\000\040\000M\000o\000v\000i\000e\000\040\000D\000a\000t\000a\000b\000a\000s\000e\000\051}{section.4.3}% 42
\BOOKMARK [2][-]{subsection.4.3.3}{\376\377\000P\000r\000o\000x\000y\000\040\000d\000e\000\040\000T\000r\000a\000k\000t\000\040\000y\000\040\000t\000r\000a\000n\000s\000f\000o\000r\000m\000a\000c\000i\000\363\000n\000\040\000d\000e\000\040\000d\000a\000t\000o\000s}{section.4.3}% 43
\BOOKMARK [2][-]{subsection.4.3.4}{\376\377\000J\000u\000s\000t\000W\000a\000t\000c\000h\000\040\000\050\000A\000P\000I\000\040\000G\000r\000a\000p\000h\000Q\000L\000\040\000n\000o\000\040\000o\000f\000i\000c\000i\000a\000l\000\051}{section.4.3}% 44
\BOOKMARK [2][-]{subsection.4.3.5}{\376\377\000P\000l\000e\000x\000\040\000M\000e\000d\000i\000a\000\040\000S\000e\000r\000v\000e\000r}{section.4.3}% 45
\BOOKMARK [1][-]{section.4.4}{\376\377\000A\000r\000q\000u\000i\000t\000e\000c\000t\000u\000r\000a\000\040\000d\000e\000\040\000A\000P\000I\000\040\000R\000o\000u\000t\000e\000s\000\040\000p\000r\000o\000p\000i\000a\000s}{chapter.4}% 46
\BOOKMARK [2][-]{subsection.4.4.1}{\376\377\000F\000u\000n\000c\000i\000o\000n\000e\000s\000\040\000p\000r\000i\000n\000c\000i\000p\000a\000l\000e\000s\000\040\000d\000e\000\040\000l\000a\000s\000\040\000A\000P\000I\000\040\000R\000o\000u\000t\000e\000s}{section.4.4}% 47
\BOOKMARK [2][-]{subsection.4.4.2}{\376\377\000C\000a\000t\000e\000g\000o\000r\000\355\000a\000s\000\040\000f\000u\000n\000c\000i\000o\000n\000a\000l\000e\000s\000\040\000d\000e\000\040\000e\000n\000d\000p\000o\000i\000n\000t\000s}{section.4.4}% 48
\BOOKMARK [3][-]{subsubsection.4.4.2.1}{\376\377\000A\000u\000t\000e\000n\000t\000i\000c\000a\000c\000i\000\363\000n\000\040\000y\000\040\000g\000e\000s\000t\000i\000\363\000n\000\040\000d\000e\000\040\000s\000e\000s\000i\000o\000n\000e\000s}{subsection.4.4.2}% 49
\BOOKMARK [3][-]{subsubsection.4.4.2.2}{\376\377\000D\000a\000t\000o\000s\000\040\000d\000e\000\040\000u\000s\000u\000a\000r\000i\000o\000\040\000y\000\040\000a\000c\000t\000i\000v\000i\000d\000a\000d}{subsection.4.4.2}% 50
\BOOKMARK [3][-]{subsubsection.4.4.2.3}{\376\377\000V\000a\000l\000o\000r\000a\000c\000i\000o\000n\000e\000s\000\040\000y\000\040\000r\000a\000t\000i\000n\000g\000s}{subsection.4.4.2}% 51
\BOOKMARK [3][-]{subsubsection.4.4.2.4}{\376\377\000P\000r\000o\000x\000y\000\040\000y\000\040\000c\000a\000c\000h\000\351\000\040\000d\000e\000\040\000d\000a\000t\000o\000s\000\040\000e\000x\000t\000e\000r\000n\000o\000s}{subsection.4.4.2}% 52
\BOOKMARK [3][-]{subsubsection.4.4.2.5}{\376\377\000I\000n\000t\000e\000g\000r\000a\000c\000i\000\363\000n\000\040\000c\000o\000n\000\040\000P\000l\000e\000x\000\040\000M\000e\000d\000i\000a\000\040\000S\000e\000r\000v\000e\000r}{subsection.4.4.2}% 53
\BOOKMARK [3][-]{subsubsection.4.4.2.6}{\376\377\000E\000n\000l\000a\000c\000e\000s\000\040\000e\000x\000t\000e\000r\000n\000o\000s\000\040\000y\000\040\000d\000e\000s\000c\000u\000b\000r\000i\000m\000i\000e\000n\000t\000o}{subsection.4.4.2}% 54
\BOOKMARK [3][-]{subsubsection.4.4.2.7}{\376\377\000L\000i\000s\000t\000a\000s\000\040\000y\000\040\000c\000o\000l\000e\000c\000c\000i\000o\000n\000e\000s}{subsection.4.4.2}% 55
\BOOKMARK [2][-]{subsection.4.4.3}{\376\377\000P\000a\000t\000r\000o\000n\000e\000s\000\040\000t\000\351\000c\000n\000i\000c\000o\000s\000\040\000t\000r\000a\000n\000s\000v\000e\000r\000s\000a\000l\000e\000s}{section.4.4}% 56
\BOOKMARK [1][-]{section.4.5}{\376\377\000I\000m\000p\000l\000e\000m\000e\000n\000t\000a\000c\000i\000\363\000n\000\040\000d\000e\000\040\000l\000o\000s\000\040\000m\000\363\000d\000u\000l\000o\000s\000\040\000f\000u\000n\000c\000i\000o\000n\000a\000l\000e\000s}{chapter.4}% 57
\BOOKMARK [2][-]{subsection.4.5.1}{\376\377\000D\000a\000s\000h\000b\000o\000a\000r\000d\000\040\000p\000r\000i\000n\000c\000i\000p\000a\000l\000\040\000\050\000/\000\051}{section.4.5}% 58
\BOOKMARK [2][-]{subsection.4.5.2}{\376\377\000P\000\341\000g\000i\000n\000a\000\040\000d\000e\000\040\000d\000e\000t\000a\000l\000l\000e\000s\000\040\000\050\000/\000d\000e\000t\000a\000i\000l\000s\000/\000[\000t\000y\000p\000e\000]\000/\000[\000i\000d\000]\000\051}{section.4.5}% 59
\BOOKMARK [3][-]{subsubsection.4.5.2.1}{\376\377\000A\000r\000q\000u\000i\000t\000e\000c\000t\000u\000r\000a\000\040\000d\000e\000\040\000d\000a\000t\000o\000s}{subsection.4.5.2}% 60
\BOOKMARK [3][-]{subsubsection.4.5.2.2}{\376\377\000M\000e\000n\000\372\000\040\000d\000e\000\040\000n\000a\000v\000e\000g\000a\000c\000i\000\363\000n\000\040\000p\000o\000r\000\040\000s\000e\000c\000c\000i\000o\000n\000e\000s}{subsection.4.5.2}% 61
\BOOKMARK [3][-]{subsubsection.4.5.2.3}{\376\377\000S\000i\000s\000t\000e\000m\000a\000\040\000d\000e\000\040\000p\000u\000n\000t\000u\000a\000c\000i\000o\000n\000e\000s}{subsection.4.5.2}% 62
\BOOKMARK [3][-]{subsubsection.4.5.2.4}{\376\377\000B\000o\000t\000o\000n\000e\000s\000\040\000d\000e\000\040\000a\000c\000c\000i\000\363\000n}{subsection.4.5.2}% 63
\BOOKMARK [3][-]{subsubsection.4.5.2.5}{\376\377\000G\000e\000s\000t\000i\000\363\000n\000\040\000a\000v\000a\000n\000z\000a\000d\000a\000\040\000d\000e\000\040\000e\000p\000i\000s\000o\000d\000i\000o\000s\000\040\000p\000a\000r\000a\000\040\000s\000e\000r\000i\000e\000s}{subsection.4.5.2}% 64
\BOOKMARK [3][-]{subsubsection.4.5.2.6}{\376\377\000E\000n\000l\000a\000c\000e\000s\000\040\000e\000x\000t\000e\000r\000n\000o\000s\000\040\000y\000\040\000p\000l\000a\000t\000a\000f\000o\000r\000m\000a\000s\000\040\000d\000e\000\040\000s\000t\000r\000e\000a\000m\000i\000n\000g}{subsection.4.5.2}% 65
\BOOKMARK [3][-]{subsubsection.4.5.2.7}{\376\377\000I\000m\000\341\000g\000e\000n\000e\000s\000\040\000y\000\040\000p\000o\000s\000t\000e\000r\000s}{subsection.4.5.2}% 66
\BOOKMARK [3][-]{subsubsection.4.5.2.8}{\376\377\000S\000e\000c\000c\000i\000\363\000n\000\040\000d\000e\000\040\000r\000e\000p\000a\000r\000t\000o\000\040\000y\000\040\000f\000i\000c\000h\000a\000\040\000d\000e\000\040\000p\000e\000r\000s\000o\000n\000a\000s}{subsection.4.5.2}% 67
\BOOKMARK [3][-]{subsubsection.4.5.2.9}{\376\377\000C\000o\000m\000e\000n\000t\000a\000r\000i\000o\000s\000,\000\040\000a\000n\000\341\000l\000i\000s\000i\000s\000\040\000d\000e\000\040\000s\000e\000n\000t\000i\000m\000i\000e\000n\000t\000o\000s\000\040\000y\000\040\000l\000i\000s\000t\000a\000s\000\040\000d\000e\000\040\000T\000r\000a\000k\000t}{subsection.4.5.2}% 68
\BOOKMARK [3][-]{subsubsection.4.5.2.10}{\376\377\000R\000e\000c\000o\000m\000e\000n\000d\000a\000c\000i\000o\000n\000e\000s\000\040\000y\000\040\000c\000o\000n\000t\000e\000n\000i\000d\000o\000\040\000s\000i\000m\000i\000l\000a\000r}{subsection.4.5.2}% 69
\BOOKMARK [2][-]{subsection.4.5.3}{\376\377\000F\000a\000v\000o\000r\000i\000t\000o\000s\000\040\000\050\000/\000f\000a\000v\000o\000r\000i\000t\000e\000s\000\051}{section.4.5}% 70
\BOOKMARK [2][-]{subsection.4.5.4}{\376\377\000P\000e\000n\000d\000i\000e\000n\000t\000e\000s\000\040\000\050\000/\000w\000a\000t\000c\000h\000l\000i\000s\000t\000\051}{section.4.5}% 71
\BOOKMARK [2][-]{subsection.4.5.5}{\376\377\000H\000i\000s\000t\000o\000r\000i\000a\000l\000\040\000d\000e\000\040\000v\000i\000s\000i\000o\000n\000a\000d\000o\000\040\000\050\000/\000h\000i\000s\000t\000o\000r\000y\000\051}{section.4.5}% 72
\BOOKMARK [2][-]{subsection.4.5.6}{\376\377\000E\000n\000\040\000P\000r\000o\000g\000r\000e\000s\000o\000\040\000\050\000/\000i\000n\000-\000p\000r\000o\000g\000r\000e\000s\000s\000\051}{section.4.5}% 73
\BOOKMARK [2][-]{subsection.4.5.7}{\376\377\000E\000s\000t\000a\000d\000\355\000s\000t\000i\000c\000a\000s\000\040\000d\000e\000l\000\040\000u\000s\000u\000a\000r\000i\000o\000\040\000\050\000/\000s\000t\000a\000t\000s\000\051}{section.4.5}% 74
\BOOKMARK [2][-]{subsection.4.5.8}{\376\377\000C\000a\000l\000e\000n\000d\000a\000r\000i\000o\000\040\000d\000e\000\040\000e\000s\000t\000r\000e\000n\000o\000s\000\040\000\050\000/\000c\000a\000l\000e\000n\000d\000a\000r\000\051}{section.4.5}% 75
\BOOKMARK [2][-]{subsection.4.5.9}{\376\377\000B\000i\000b\000l\000i\000o\000t\000e\000c\000a\000\040\000P\000e\000r\000s\000o\000n\000a\000l\000\040\000\050\000/\000b\000i\000b\000l\000i\000o\000t\000e\000c\000a\000\051}{section.4.5}% 76
\BOOKMARK [2][-]{subsection.4.5.10}{\376\377\000D\000e\000s\000c\000u\000b\000r\000i\000r\000\040\000c\000o\000n\000t\000e\000n\000i\000d\000o\000\040\000\050\000/\000d\000i\000s\000c\000o\000v\000e\000r\000\051}{section.4.5}% 77
\BOOKMARK [2][-]{subsection.4.5.11}{\376\377\000G\000e\000s\000t\000i\000\363\000n\000\040\000d\000e\000\040\000l\000i\000s\000t\000a\000s\000\040\000\050\000/\000l\000i\000s\000t\000s\000\051}{section.4.5}% 78
\BOOKMARK [2][-]{subsection.4.5.12}{\376\377\000P\000e\000l\000\355\000c\000u\000l\000a\000s\000\040\000y\000\040\000S\000e\000r\000i\000e\000s\000\040\000\050\000/\000m\000o\000v\000i\000e\000s\000,\000\040\000/\000s\000e\000r\000i\000e\000s\000\051}{section.4.5}% 79
\BOOKMARK [2][-]{subsection.4.5.13}{\376\377\000F\000i\000c\000h\000a\000\040\000d\000e\000\040\000p\000e\000r\000s\000o\000n\000a\000s\000\040\000\050\000/\000d\000e\000t\000a\000i\000l\000s\000/\000p\000e\000r\000s\000o\000n\000/\000[\000i\000d\000]\000\051}{section.4.5}% 80
\BOOKMARK [2][-]{subsection.4.5.14}{\376\377\000B\000a\000r\000r\000a\000\040\000d\000e\000\040\000n\000a\000v\000e\000g\000a\000c\000i\000\363\000n\000\040\000\050\000N\000a\000v\000b\000a\000r\000\051}{section.4.5}% 81
\BOOKMARK [2][-]{subsection.4.5.15}{\376\377\000P\000a\000t\000r\000o\000n\000e\000s\000\040\000d\000e\000\040\000o\000p\000t\000i\000m\000i\000z\000a\000c\000i\000\363\000n\000\040\000t\000r\000a\000n\000s\000v\000e\000r\000s\000a\000l\000e\000s}{section.4.5}% 82
\BOOKMARK [1][-]{section.4.6}{\376\377\000D\000i\000s\000e\000\361\000o\000\040\000d\000e\000\040\000l\000a\000\040\000i\000n\000t\000e\000r\000f\000a\000z}{chapter.4}% 83
\BOOKMARK [2][-]{subsection.4.6.1}{\376\377\000S\000i\000s\000t\000e\000m\000a\000\040\000d\000e\000\040\000d\000i\000s\000e\000\361\000o\000\040\000g\000l\000o\000b\000a\000l}{section.4.6}% 84
\BOOKMARK [2][-]{subsection.4.6.2}{\376\377\000C\000o\000m\000p\000o\000n\000e\000n\000t\000e\000s\000\040\000d\000e\000\040\000N\000e\000x\000t\000.\000j\000s\000\040\000u\000t\000i\000l\000i\000z\000a\000d\000o\000s}{section.4.6}% 85
\BOOKMARK [2][-]{subsection.4.6.3}{\376\377\000C\000o\000m\000p\000o\000n\000e\000n\000t\000e\000s\000\040\000p\000r\000o\000p\000i\000o\000s\000:\000\040\000N\000a\000v\000b\000a\000r}{section.4.6}% 86
\BOOKMARK [2][-]{subsection.4.6.4}{\376\377\000C\000o\000m\000p\000o\000n\000e\000n\000t\000e\000\040\000p\000r\000o\000p\000i\000o\000:\000\040\000L\000i\000q\000u\000i\000d\000B\000u\000t\000t\000o\000n}{section.4.6}% 87
\BOOKMARK [2][-]{subsection.4.6.5}{\376\377\000C\000o\000m\000p\000o\000n\000e\000n\000t\000e\000\040\000p\000r\000o\000p\000i\000o\000:\000\040\000S\000t\000a\000r\000R\000a\000t\000i\000n\000g}{section.4.6}% 88
\BOOKMARK [2][-]{subsection.4.6.6}{\376\377\000C\000o\000m\000p\000o\000n\000e\000n\000t\000e\000\040\000p\000r\000o\000p\000i\000o\000:\000\040\000D\000e\000t\000a\000i\000l\000s\000S\000e\000c\000t\000i\000o\000n\000M\000e\000n\000u}{section.4.6}% 89
\BOOKMARK [2][-]{subsection.4.6.7}{\376\377\000C\000o\000m\000p\000o\000n\000e\000n\000t\000e\000\040\000p\000r\000o\000p\000i\000o\000:\000\040\000E\000p\000i\000s\000o\000d\000e\000R\000a\000t\000i\000n\000g\000s\000G\000r\000i\000d}{section.4.6}% 90
\BOOKMARK [2][-]{subsection.4.6.8}{\376\377\000C\000o\000m\000p\000o\000n\000e\000n\000t\000e\000\040\000p\000r\000o\000p\000i\000o\000:\000\040\000S\000c\000o\000r\000e\000b\000o\000a\000r\000d\000B\000a\000r}{section.4.6}% 91
\BOOKMARK [2][-]{subsection.4.6.9}{\376\377\000C\000o\000m\000p\000o\000n\000e\000n\000t\000e\000s\000\040\000p\000r\000o\000p\000i\000o\000s\000:\000\040\000c\000o\000n\000t\000r\000o\000l\000\040\000d\000e\000\040\000v\000i\000s\000i\000o\000n\000a\000d\000o\000\040\000e\000n\000\040\000T\000r\000a\000k\000t}{section.4.6}% 92
\BOOKMARK [2][-]{subsection.4.6.10}{\376\377\000C\000o\000m\000p\000o\000n\000e\000n\000t\000e\000s\000\040\000p\000r\000o\000p\000i\000o\000s\000:\000\040\000m\000o\000d\000a\000l\000e\000s\000\040\000d\000e\000\040\000a\000p\000o\000y\000o\000\040\000e\000n\000\040\000D\000e\000t\000a\000i\000l\000s\000C\000l\000i\000e\000n\000t}{section.4.6}% 93
\BOOKMARK [2][-]{subsection.4.6.11}{\376\377\000S\000i\000s\000t\000e\000m\000a\000\040\000d\000e\000\040\000a\000n\000i\000m\000a\000c\000i\000o\000n\000e\000s\000\040\000c\000o\000n\000\040\000F\000r\000a\000m\000e\000r\000\040\000M\000o\000t\000i\000o\000n}{section.4.6}% 94
\BOOKMARK [2][-]{subsection.4.6.12}{\376\377\000S\000i\000s\000t\000e\000m\000a\000\040\000d\000e\000\040\000e\000s\000t\000i\000l\000o\000s\000\040\000g\000l\000o\000b\000a\000l\000\040\000\050\000g\000l\000o\000b\000a\000l\000s\000.\000c\000s\000s\000\051}{section.4.6}% 95
\BOOKMARK [2][-]{subsection.4.6.13}{\376\377\000S\000i\000s\000t\000e\000m\000a\000\040\000d\000e\000\040\000t\000r\000e\000s\000\040\000v\000i\000s\000t\000a\000s\000\040\000\050\000G\000r\000i\000d\000,\000\040\000L\000i\000s\000t\000,\000\040\000C\000o\000m\000p\000a\000c\000t\000\051}{section.4.6}% 96
\BOOKMARK [1][-]{section.4.7}{\376\377\000R\000e\000n\000d\000i\000m\000i\000e\000n\000t\000o\000\040\000e\000n\000\040\000p\000r\000o\000d\000u\000c\000c\000i\000\363\000n}{chapter.4}% 97
\BOOKMARK [1][-]{section.4.8}{\376\377\000S\000i\000s\000t\000e\000m\000a\000\040\000d\000e\000\040\000c\000a\000c\000h\000\351\000\040\000m\000u\000l\000t\000i\000n\000i\000v\000e\000l}{chapter.4}% 98
\BOOKMARK [2][-]{subsection.4.8.1}{\376\377\000N\000i\000v\000e\000l\000\040\0001\000:\000\040\000I\000n\000c\000r\000e\000m\000e\000n\000t\000a\000l\000\040\000S\000t\000a\000t\000i\000c\000\040\000R\000e\000g\000e\000n\000e\000r\000a\000t\000i\000o\000n\000\040\000\050\000I\000S\000R\000\051}{section.4.8}% 99
\BOOKMARK [2][-]{subsection.4.8.2}{\376\377\000N\000i\000v\000e\000l\000\040\0002\000:\000\040\000C\000a\000c\000h\000\351\000\040\000e\000n\000\040\000m\000e\000m\000o\000r\000i\000a\000\040\000d\000e\000l\000\040\000p\000r\000o\000c\000e\000s\000o\000\040\000N\000o\000d\000e\000.\000j\000s}{section.4.8}% 100
\BOOKMARK [2][-]{subsection.4.8.3}{\376\377\000N\000i\000v\000e\000l\000\040\0003\000:\000\040\000D\000e\000d\000u\000p\000l\000i\000c\000a\000c\000i\000\363\000n\000\040\000d\000e\000\040\000p\000e\000t\000i\000c\000i\000o\000n\000e\000s\000\040\000c\000o\000n\000c\000u\000r\000r\000e\000n\000t\000e\000s}{section.4.8}% 101
\BOOKMARK [2][-]{subsection.4.8.4}{\376\377\000N\000i\000v\000e\000l\000\040\0004\000:\000\040\000C\000a\000c\000h\000\351\000\040\000e\000n\000\040\000e\000l\000\040\000n\000a\000v\000e\000g\000a\000d\000o\000r\000\040\000\050\000s\000e\000s\000s\000i\000o\000n\000S\000t\000o\000r\000a\000g\000e\000\051}{section.4.8}% 102
\BOOKMARK [1][-]{section.4.9}{\376\377\000M\000i\000d\000d\000l\000e\000w\000a\000r\000e\000\040\000y\000\040\000o\000p\000t\000i\000m\000i\000z\000a\000c\000i\000\363\000n\000\040\000S\000E\000O}{chapter.4}% 103
\BOOKMARK [2][-]{subsection.4.9.1}{\376\377\000D\000e\000t\000e\000c\000c\000i\000\363\000n\000\040\000d\000e\000\040\000b\000o\000t\000s\000\040\000y\000\040\000r\000e\000e\000s\000c\000r\000i\000t\000u\000r\000a\000\040\000d\000e\000\040\000r\000u\000t\000a\000s}{section.4.9}% 104
\BOOKMARK [2][-]{subsection.4.9.2}{\376\377\000G\000e\000n\000e\000r\000a\000c\000i\000\363\000n\000\040\000d\000e\000\040\000H\000T\000M\000L\000\040\000o\000p\000t\000i\000m\000i\000z\000a\000d\000o\000\040\000p\000a\000r\000a\000\040\000c\000o\000m\000p\000a\000r\000t\000i\000r}{section.4.9}% 105
\BOOKMARK [2][-]{subsection.4.9.3}{\376\377\000M\000e\000t\000a\000d\000a\000t\000o\000s\000\040\000g\000l\000o\000b\000a\000l\000e\000s\000\040\000y\000\040\000p\000o\000r\000\040\000p\000\341\000g\000i\000n\000a}{section.4.9}% 106
\BOOKMARK [2][-]{subsection.4.9.4}{\376\377\000R\000e\000s\000u\000m\000e\000n\000\040\000d\000e\000\040\000l\000a\000\040\000a\000r\000q\000u\000i\000t\000e\000c\000t\000u\000r\000a\000\040\000d\000u\000a\000l\000\040\000d\000e\000\040\000r\000u\000t\000a\000s}{section.4.9}% 107
\BOOKMARK [1][-]{section.4.10}{\376\377\000S\000i\000s\000t\000e\000m\000a\000\040\000d\000e\000\040\000a\000r\000t\000w\000o\000r\000k\000\040\000p\000e\000r\000s\000o\000n\000a\000l\000i\000z\000a\000d\000o}{chapter.4}% 108
\BOOKMARK [2][-]{subsection.4.10.1}{\376\377\000M\000o\000t\000i\000v\000a\000c\000i\000\363\000n}{section.4.10}% 109
\BOOKMARK [2][-]{subsection.4.10.2}{\376\377\000F\000u\000n\000c\000i\000o\000n\000a\000m\000i\000e\000n\000t\000o\000\040\000g\000e\000n\000e\000r\000a\000l}{section.4.10}% 110
\BOOKMARK [1][-]{section.4.11}{\376\377\000I\000n\000t\000e\000g\000r\000a\000c\000i\000\363\000n\000\040\000c\000o\000n\000\040\000c\000o\000m\000u\000n\000i\000d\000a\000d\000\040\000T\000r\000a\000k\000t}{chapter.4}% 111
\BOOKMARK [2][-]{subsection.4.11.1}{\376\377\000S\000i\000s\000t\000e\000m\000a\000\040\000d\000e\000\040\000c\000o\000m\000e\000n\000t\000a\000r\000i\000o\000s}{section.4.11}% 112
\BOOKMARK [2][-]{subsection.4.11.2}{\376\377\000L\000i\000s\000t\000a\000s\000\040\000d\000e\000\040\000l\000a\000\040\000c\000o\000m\000u\000n\000i\000d\000a\000d}{section.4.11}% 113
\BOOKMARK [2][-]{subsection.4.11.3}{\376\377\000E\000s\000t\000a\000d\000\355\000s\000t\000i\000c\000a\000s\000\040\000d\000e\000\040\000t\000e\000m\000p\000o\000r\000a\000d\000a}{section.4.11}% 114
\BOOKMARK [1][-]{section.4.12}{\376\377\000I\000n\000t\000e\000g\000r\000a\000c\000i\000\363\000n\000\040\000c\000o\000n\000\040\000L\000e\000t\000t\000e\000r\000b\000o\000x\000d}{chapter.4}% 115
\BOOKMARK [2][-]{subsection.4.12.1}{\376\377\000B\000\372\000s\000q\000u\000e\000d\000a\000\040\000d\000e\000\040\000p\000e\000l\000\355\000c\000u\000l\000a\000s\000\040\000e\000n\000\040\000L\000e\000t\000t\000e\000r\000b\000o\000x\000d}{section.4.12}% 116
\BOOKMARK [2][-]{subsection.4.12.2}{\376\377\000B\000o\000t\000\363\000n\000\040\000d\000e\000\040\000a\000c\000c\000e\000s\000o\000\040\000r\000\341\000p\000i\000d\000o}{section.4.12}% 117
\BOOKMARK [1][-]{section.4.13}{\376\377\000M\000a\000n\000e\000j\000o\000\040\000d\000e\000\040\000e\000r\000r\000o\000r\000e\000s\000\040\000y\000\040\000e\000s\000t\000a\000d\000o\000s\000\040\000d\000e\000\040\000c\000a\000r\000g\000a}{chapter.4}% 118
\BOOKMARK [2][-]{subsection.4.13.1}{\376\377\000E\000s\000t\000r\000a\000t\000e\000g\000i\000a\000\040\000d\000e\000\040\000g\000r\000a\000c\000e\000f\000u\000l\000\040\000d\000e\000g\000r\000a\000d\000a\000t\000i\000o\000n}{section.4.13}% 119
\BOOKMARK [2][-]{subsection.4.13.2}{\376\377\000S\000k\000e\000l\000e\000t\000o\000n\000\040\000l\000o\000a\000d\000e\000r\000s}{section.4.13}% 120
\BOOKMARK [2][-]{subsection.4.13.3}{\376\377\000M\000e\000n\000s\000a\000j\000e\000s\000\040\000d\000e\000\040\000e\000r\000r\000o\000r\000\040\000c\000o\000n\000t\000e\000x\000t\000u\000a\000l\000e\000s}{section.4.13}% 121
\BOOKMARK [2][-]{subsection.4.13.4}{\376\377\000E\000s\000t\000a\000d\000o\000s\000\040\000v\000a\000c\000\355\000o\000s}{section.4.13}% 122
\BOOKMARK [1][-]{section.4.14}{\376\377\000D\000i\000s\000e\000\361\000o\000\040\000r\000e\000s\000p\000o\000n\000s\000i\000v\000e\000\040\000y\000\040\000a\000d\000a\000p\000t\000a\000c\000i\000\363\000n\000\040\000m\000\363\000v\000i\000l}{chapter.4}% 123
\BOOKMARK [2][-]{subsection.4.14.1}{\376\377\000B\000r\000e\000a\000k\000p\000o\000i\000n\000t\000s\000\040\000y\000\040\000e\000s\000t\000r\000a\000t\000e\000g\000i\000a\000\040\000m\000o\000b\000i\000l\000e\000-\000f\000i\000r\000s\000t}{section.4.14}% 124
\BOOKMARK [2][-]{subsection.4.14.2}{\376\377\000B\000a\000r\000r\000a\000\040\000d\000e\000\040\000n\000a\000v\000e\000g\000a\000c\000i\000\363\000n\000\040\000a\000d\000a\000p\000t\000a\000t\000i\000v\000a}{section.4.14}% 125
\BOOKMARK [2][-]{subsection.4.14.3}{\376\377\000I\000m\000\341\000g\000e\000n\000e\000s\000\040\000r\000e\000s\000p\000o\000n\000s\000i\000v\000e}{section.4.14}% 126
\BOOKMARK [1][-]{section.4.15}{\376\377\000P\000l\000a\000n\000\040\000d\000e\000\040\000c\000a\000l\000i\000d\000a\000d\000:\000\040\000e\000s\000t\000r\000a\000t\000e\000g\000i\000a\000\040\000d\000e\000\040\000t\000e\000s\000t\000i\000n\000g}{chapter.4}% 127
\BOOKMARK [0][-]{chapter.5}{\376\377\000C\000o\000n\000c\000l\000u\000s\000i\000o\000n\000e\000s}{}% 128
\BOOKMARK [1][-]{section.5.1}{\376\377\000L\000o\000g\000r\000o\000s\000\040\000a\000l\000c\000a\000n\000z\000a\000d\000o\000s}{chapter.5}% 129
\BOOKMARK [1][-]{section.5.2}{\376\377\000D\000i\000s\000c\000u\000s\000i\000\363\000n}{chapter.5}% 130
\BOOKMARK [1][-]{section.5.3}{\376\377\000A\000n\000\341\000l\000i\000s\000i\000s\000\040\000d\000e\000\040\000r\000i\000e\000s\000g\000o\000s\000\040\000y\000\040\000e\000s\000t\000r\000a\000t\000e\000g\000i\000a\000s\000\040\000d\000e\000\040\000m\000i\000t\000i\000g\000a\000c\000i\000\363\000n}{chapter.5}% 131
\BOOKMARK [2][-]{subsection.5.3.1}{\376\377\000R\000i\000e\000s\000g\000o\000s\000\040\000t\000\351\000c\000n\000i\000c\000o\000s}{section.5.3}% 132
\BOOKMARK [2][-]{subsection.5.3.2}{\376\377\000R\000i\000e\000s\000g\000o\000s\000\040\000l\000e\000g\000a\000l\000e\000s\000\040\000y\000\040\000d\000e\000\040\000p\000r\000i\000v\000a\000c\000i\000d\000a\000d}{section.5.3}% 133
\BOOKMARK [2][-]{subsection.5.3.3}{\376\377\000R\000i\000e\000s\000g\000o\000s\000\040\000d\000e\000\040\000p\000r\000o\000d\000u\000c\000t\000o\000\040\000y\000\040\000a\000d\000o\000p\000c\000i\000\363\000n}{section.5.3}% 134
\BOOKMARK [2][-]{subsection.5.3.4}{\376\377\000S\000\355\000n\000t\000e\000s\000i\000s\000\040\000o\000p\000e\000r\000a\000t\000i\000v\000a}{section.5.3}% 135
\BOOKMARK [0][-]{subsection.5.3.4}{\376\377\000R\000e\000f\000e\000r\000e\000n\000c\000i\000a\000s}{}% 136
\BOOKMARK [0][-]{chapter*.35}{\376\377\000G\000l\000o\000s\000a\000r\000i\000o}{}% 137
\BOOKMARK [0][-]{chapter*.36}{\376\377\000A\000n\000e\000x\000o}{}% 138
